c:\users\alexb\desktop\practica3-programacion-master\mergeproyecto2y3\x64\debug\vc142.pdb
c:\users\alexb\desktop\practica3-programacion-master\mergeproyecto2y3\x64\debug\vc142.idb
c:\users\alexb\desktop\practica3-programacion-master\mergeproyecto2y3\x64\debug\source.obj
c:\users\alexb\desktop\practica3-programacion-master\mergeproyecto2y3\x64\debug\functionssource.obj
c:\users\alexb\desktop\practica3-programacion-master\mergeproyecto2y3\x64\debug\gameplay.obj
c:\users\alexb\desktop\practica3-programacion-master\mergeproyecto2y3\x64\debug\load-save.obj
c:\users\alexb\source\repos\mergeproyecto2y3-master\mergeproyecto2y3\x64\debug\vc142.pdb
c:\users\alexb\source\repos\mergeproyecto2y3-master\mergeproyecto2y3\x64\debug\vc142.idb
c:\users\alexb\source\repos\mergeproyecto2y3-master\mergeproyecto2y3\x64\debug\source.obj
c:\users\alexb\source\repos\mergeproyecto2y3-master\mergeproyecto2y3\x64\debug\load-save.obj
c:\users\alexb\source\repos\mergeproyecto2y3-master\mergeproyecto2y3\x64\debug\gameplay.obj
c:\users\alexb\source\repos\mergeproyecto2y3-master\mergeproyecto2y3\x64\debug\functionssource.obj
c:\users\alexb\desktop\practica3-programacion-master\x64\debug\mergeproyecto2y3.exe
c:\users\alexb\desktop\practica3-programacion-master\x64\debug\mergeproyecto2y3.ilk
c:\users\alexb\desktop\practica3-programacion-master\x64\debug\mergeproyecto2y3.pdb
c:\users\alexb\source\repos\mergeproyecto2y3-master\x64\debug\mergeproyecto2y3.exe
c:\users\alexb\source\repos\mergeproyecto2y3-master\x64\debug\mergeproyecto2y3.ilk
c:\users\alexb\source\repos\mergeproyecto2y3-master\x64\debug\mergeproyecto2y3.pdb
c:\users\alexb\source\repos\mergeproyecto2y3-master\mergeproyecto2y3\x64\debug\load-save.new.obj.enc
c:\users\alexb\source\repos\mergeproyecto2y3-master\mergeproyecto2y3\x64\debug\vc141.idb
c:\users\alexb\source\repos\mergeproyecto2y3-master\mergeproyecto2y3\x64\debug\vc141.pdb
c:\users\alexb\source\repos\mergeproyecto2y3-master\mergeproyecto2y3\x64\debug\mergeproyecto2y3.tlog\cl.command.1.tlog
c:\users\alexb\source\repos\mergeproyecto2y3-master\mergeproyecto2y3\x64\debug\mergeproyecto2y3.tlog\cl.read.1.tlog
c:\users\alexb\source\repos\mergeproyecto2y3-master\mergeproyecto2y3\x64\debug\mergeproyecto2y3.tlog\cl.write.1.tlog
c:\users\alexb\source\repos\mergeproyecto2y3-master\mergeproyecto2y3\x64\debug\mergeproyecto2y3.tlog\link.command.1.tlog
c:\users\alexb\source\repos\mergeproyecto2y3-master\mergeproyecto2y3\x64\debug\mergeproyecto2y3.tlog\link.read.1.tlog
c:\users\alexb\source\repos\mergeproyecto2y3-master\mergeproyecto2y3\x64\debug\mergeproyecto2y3.tlog\link.write.1.tlog
